<?xml version="1.0" encoding="UTF-8"?>
<!-- Generated by org.testng.reporters.JUnitReportReporter -->
<testsuite skipped="0" hostname="YP1007034LT" name="com.johndeere.Automation.Invoke" tests="1" failures="0" timestamp="01 Sep 2019 06:31:02 GMT" time="13.092" errors="0">
  <testcase name="invokeApp" time="13.092" classname="com.johndeere.Automation.Invoke"/>
</testsuite> <!-- com.johndeere.Automation.Invoke -->
