<?xml version="1.0" encoding="UTF-8"?>
<!-- Generated by org.testng.reporters.JUnitReportReporter -->
<testsuite skipped="0" hostname="YP1007034LT" name="com.johndeere.Automation.Invoke" tests="1" failures="0" timestamp="2019-09-01T12:03:44 IST" time="12.783" errors="0">
  <testcase name="invokeApp" time="12.783" classname="com.johndeere.Automation.Invoke"/>
</testsuite> <!-- com.johndeere.Automation.Invoke -->
